
22/09/2025, 00:13:03 - ERROR: Download of “https://www.cmbiomass.com/ja/about-us/”, referred from “/Users/vladislavkozlovskij_1/Downloads/us.sitesucker.mac.sitesucker-pro/www.cmbiomass.com/about-us/index.html”, failed with error code 404 (not found)
22/09/2025, 00:13:03 - ERROR: Download of “https://www.cmbiomass.com/ja/about-us/meet-the-team/”, referred from “/Users/vladislavkozlovskij_1/Downloads/us.sitesucker.mac.sitesucker-pro/www.cmbiomass.com/about-us/meet-the-team/index.html”, failed with error code 404 (not found)
22/09/2025, 00:13:05 - ERROR: Download of “https://www.cmbiomass.com/ja/global-presence/”, referred from “/Users/vladislavkozlovskij_1/Downloads/us.sitesucker.mac.sitesucker-pro/www.cmbiomass.com/global-presence/index.html”, failed with error code 404 (not found)
22/09/2025, 00:13:06 - ERROR: Download of “https://www.cmbiomass.com/ja/creating-value/”, referred from “/Users/vladislavkozlovskij_1/Downloads/us.sitesucker.mac.sitesucker-pro/www.cmbiomass.com/creating-value/index.html”, failed with error code 404 (not found)
22/09/2025, 00:13:06 - ERROR: Download of “https://www.cmbiomass.com/ja/sustainability/stakeholder-engagement/”, referred from “/Users/vladislavkozlovskij_1/Downloads/us.sitesucker.mac.sitesucker-pro/www.cmbiomass.com/sustainability/stakeholder-engagement/index.html”, failed with error code 404 (not found)
22/09/2025, 00:13:06 - ERROR: Download of “https://www.cmbiomass.com/ja/sustainability/our-supply-chain-us/”, referred from “/Users/vladislavkozlovskij_1/Downloads/us.sitesucker.mac.sitesucker-pro/www.cmbiomass.com/sustainability/our-supply-chain-us/index.html”, failed with error code 404 (not found)
22/09/2025, 00:13:06 - ERROR: Download of “https://www.cmbiomass.com/ja/sustainability/certificates/”, referred from “/Users/vladislavkozlovskij_1/Downloads/us.sitesucker.mac.sitesucker-pro/www.cmbiomass.com/sustainability/certificates/index.html”, failed with error code 404 (not found)
22/09/2025, 00:13:06 - ERROR: Download of “https://www.cmbiomass.com/ja/careers/”, referred from “/Users/vladislavkozlovskij_1/Downloads/us.sitesucker.mac.sitesucker-pro/www.cmbiomass.com/careers/index.html”, failed with error code 404 (not found)
22/09/2025, 00:13:07 - ERROR: Download of “https://www.cmbiomass.com/ja/contact-us/”, referred from “/Users/vladislavkozlovskij_1/Downloads/us.sitesucker.mac.sitesucker-pro/www.cmbiomass.com/contact-us/index.html”, failed with error code 404 (not found)
22/09/2025, 00:13:07 - ERROR: Download of “https://www.cmbiomass.com/ja/products/peanut-hull-pellets/”, referred from “/Users/vladislavkozlovskij_1/Downloads/us.sitesucker.mac.sitesucker-pro/www.cmbiomass.com/products/peanut-hull-pellets/index.html”, failed with error code 404 (not found)
22/09/2025, 00:13:07 - ERROR: Download of “https://www.cmbiomass.com/ja/products/premium-wood-pellets/”, referred from “/Users/vladislavkozlovskij_1/Downloads/us.sitesucker.mac.sitesucker-pro/www.cmbiomass.com/products/premium-wood-pellets/index.html”, failed with error code 404 (not found)
22/09/2025, 00:13:08 - ERROR: Download of “https://www.cmbiomass.com/ja/products/sugar-cane-bagasse-pellets/”, referred from “/Users/vladislavkozlovskij_1/Downloads/us.sitesucker.mac.sitesucker-pro/www.cmbiomass.com/products/sugar-cane-bagasse-pellets/index.html”, failed with error code 404 (not found)
22/09/2025, 00:13:08 - ERROR: Download of “https://www.cmbiomass.com/ja/products/industrial-wood-pellets/”, referred from “/Users/vladislavkozlovskij_1/Downloads/us.sitesucker.mac.sitesucker-pro/www.cmbiomass.com/products/industrial-wood-pellets/index.html”, failed with error code 404 (not found)
22/09/2025, 00:13:08 - ERROR: Download of “https://www.cmbiomass.com/ja/products/cashew-nut-shells/”, referred from “/Users/vladislavkozlovskij_1/Downloads/us.sitesucker.mac.sitesucker-pro/www.cmbiomass.com/products/cashew-nut-shells/index.html”, failed with error code 404 (not found)
22/09/2025, 00:13:08 - ERROR: Download of “https://www.cmbiomass.com/ja/products/sunflower-husk-pellets/”, referred from “/Users/vladislavkozlovskij_1/Downloads/us.sitesucker.mac.sitesucker-pro/www.cmbiomass.com/products/sunflower-husk-pellets/index.html”, failed with error code 404 (not found)
22/09/2025, 00:13:08 - ERROR: Download of “https://www.cmbiomass.com/ja/products/crushed-cashew-nut-shells/”, referred from “/Users/vladislavkozlovskij_1/Downloads/us.sitesucker.mac.sitesucker-pro/www.cmbiomass.com/products/crushed-cashew-nut-shells/index.html”, failed with error code 404 (not found)
22/09/2025, 00:13:08 - ERROR: Download of “https://www.cmbiomass.com/ja/products/olive-pits/”, referred from “/Users/vladislavkozlovskij_1/Downloads/us.sitesucker.mac.sitesucker-pro/www.cmbiomass.com/products/olive-pits/index.html”, failed with error code 404 (not found)
22/09/2025, 00:13:08 - ERROR: Download of “https://www.cmbiomass.com/ja/products/olive-cake/”, referred from “/Users/vladislavkozlovskij_1/Downloads/us.sitesucker.mac.sitesucker-pro/www.cmbiomass.com/products/olive-cake/index.html”, failed with error code 404 (not found)
22/09/2025, 00:13:08 - ERROR: Download of “https://www.cmbiomass.com/ja/products/palm-kernel-shells/”, referred from “/Users/vladislavkozlovskij_1/Downloads/us.sitesucker.mac.sitesucker-pro/www.cmbiomass.com/products/palm-kernel-shells/index.html”, failed with error code 404 (not found)
22/09/2025, 00:13:09 - ERROR: Download of “https://www.cmbiomass.com/ja/terms-and-conditions/”, referred from “/Users/vladislavkozlovskij_1/Downloads/us.sitesucker.mac.sitesucker-pro/www.cmbiomass.com/terms-and-conditions/index.html”, failed with error code 404 (not found)
22/09/2025, 00:13:09 - ERROR: Download of “https://www.cmbiomass.com/ja/family-owned-legacy/”, referred from “/Users/vladislavkozlovskij_1/Downloads/us.sitesucker.mac.sitesucker-pro/www.cmbiomass.com/family-owned-legacy/index.html”, failed with error code 404 (not found)
22/09/2025, 00:13:09 - ERROR: Download of “https://www.cmbiomass.com/ja/stories/supporting-the-cashew-nut-supply-chain-in-the-ivory-coast/”, referred from “/Users/vladislavkozlovskij_1/Downloads/us.sitesucker.mac.sitesucker-pro/www.cmbiomass.com/stories/supporting-the-cashew-nut-supply-chain-in-the-ivory-coast/index.html”, failed with error code 404 (not found)
22/09/2025, 00:13:09 - ERROR: Download of “https://www.cmbiomass.com/ja/sustainability/our-supply-chain-dk/”, referred from “/Users/vladislavkozlovskij_1/Downloads/us.sitesucker.mac.sitesucker-pro/www.cmbiomass.com/sustainability/our-supply-chain-dk/index.html”, failed with error code 404 (not found)

---------------------

29/09/2025, 17:18:46 - ERROR: Download of “https://www.cmbiomass.com/ja/about-us/”, referred from “/Users/vladislavkozlovskij_1/Downloads/us.sitesucker.mac.sitesucker-pro/www.cmbiomass.com/about-us/index.html”, failed with error code 404 (not found)
29/09/2025, 17:18:46 - ERROR: Download of “https://www.cmbiomass.com/ja/about-us/meet-the-team/”, referred from “/Users/vladislavkozlovskij_1/Downloads/us.sitesucker.mac.sitesucker-pro/www.cmbiomass.com/about-us/meet-the-team/index.html”, failed with error code 404 (not found)
29/09/2025, 17:18:47 - ERROR: Download of “https://www.cmbiomass.com/ja/creating-value/”, referred from “/Users/vladislavkozlovskij_1/Downloads/us.sitesucker.mac.sitesucker-pro/www.cmbiomass.com/creating-value/index.html”, failed with error code 404 (not found)
29/09/2025, 17:18:47 - ERROR: Download of “https://www.cmbiomass.com/ja/global-presence/”, referred from “/Users/vladislavkozlovskij_1/Downloads/us.sitesucker.mac.sitesucker-pro/www.cmbiomass.com/global-presence/index.html”, failed with error code 404 (not found)
29/09/2025, 17:18:48 - ERROR: Download of “https://www.cmbiomass.com/ja/sustainability/stakeholder-engagement/”, referred from “/Users/vladislavkozlovskij_1/Downloads/us.sitesucker.mac.sitesucker-pro/www.cmbiomass.com/sustainability/stakeholder-engagement/index.html”, failed with error code 404 (not found)
29/09/2025, 17:18:49 - ERROR: Download of “https://www.cmbiomass.com/ja/sustainability/certificates/”, referred from “/Users/vladislavkozlovskij_1/Downloads/us.sitesucker.mac.sitesucker-pro/www.cmbiomass.com/sustainability/certificates/index.html”, failed with error code 404 (not found)
29/09/2025, 17:18:49 - ERROR: Download of “https://www.cmbiomass.com/ja/sustainability/our-supply-chain-us/”, referred from “/Users/vladislavkozlovskij_1/Downloads/us.sitesucker.mac.sitesucker-pro/www.cmbiomass.com/sustainability/our-supply-chain-us/index.html”, failed with error code 404 (not found)
29/09/2025, 17:18:49 - ERROR: Download of “https://www.cmbiomass.com/ja/careers/”, referred from “/Users/vladislavkozlovskij_1/Downloads/us.sitesucker.mac.sitesucker-pro/www.cmbiomass.com/careers/index.html”, failed with error code 404 (not found)
29/09/2025, 17:18:50 - ERROR: Download of “https://www.cmbiomass.com/ja/products/industrial-wood-pellets/”, referred from “/Users/vladislavkozlovskij_1/Downloads/us.sitesucker.mac.sitesucker-pro/www.cmbiomass.com/products/industrial-wood-pellets/index.html”, failed with error code 404 (not found)
29/09/2025, 17:18:50 - ERROR: Download of “https://www.cmbiomass.com/ja/products/premium-wood-pellets/”, referred from “/Users/vladislavkozlovskij_1/Downloads/us.sitesucker.mac.sitesucker-pro/www.cmbiomass.com/products/premium-wood-pellets/index.html”, failed with error code 404 (not found)
29/09/2025, 17:18:50 - ERROR: Download of “https://www.cmbiomass.com/ja/contact-us/”, referred from “/Users/vladislavkozlovskij_1/Downloads/us.sitesucker.mac.sitesucker-pro/www.cmbiomass.com/contact-us/index.html”, failed with error code 404 (not found)
29/09/2025, 17:18:50 - ERROR: Download of “https://www.cmbiomass.com/ja/products/sunflower-husk-pellets/”, referred from “/Users/vladislavkozlovskij_1/Downloads/us.sitesucker.mac.sitesucker-pro/www.cmbiomass.com/products/sunflower-husk-pellets/index.html”, failed with error code 404 (not found)
29/09/2025, 17:18:50 - ERROR: Download of “https://www.cmbiomass.com/ja/products/peanut-hull-pellets/”, referred from “/Users/vladislavkozlovskij_1/Downloads/us.sitesucker.mac.sitesucker-pro/www.cmbiomass.com/products/peanut-hull-pellets/index.html”, failed with error code 404 (not found)
29/09/2025, 17:18:50 - ERROR: Download of “https://www.cmbiomass.com/ja/products/sugar-cane-bagasse-pellets/”, referred from “/Users/vladislavkozlovskij_1/Downloads/us.sitesucker.mac.sitesucker-pro/www.cmbiomass.com/products/sugar-cane-bagasse-pellets/index.html”, failed with error code 404 (not found)
29/09/2025, 17:18:50 - ERROR: Download of “https://www.cmbiomass.com/ja/products/cashew-nut-shells/”, referred from “/Users/vladislavkozlovskij_1/Downloads/us.sitesucker.mac.sitesucker-pro/www.cmbiomass.com/products/cashew-nut-shells/index.html”, failed with error code 404 (not found)
29/09/2025, 17:18:51 - ERROR: Download of “https://www.cmbiomass.com/ja/products/crushed-cashew-nut-shells/”, referred from “/Users/vladislavkozlovskij_1/Downloads/us.sitesucker.mac.sitesucker-pro/www.cmbiomass.com/products/crushed-cashew-nut-shells/index.html”, failed with error code 404 (not found)
29/09/2025, 17:18:51 - ERROR: Download of “https://www.cmbiomass.com/ja/products/olive-pits/”, referred from “/Users/vladislavkozlovskij_1/Downloads/us.sitesucker.mac.sitesucker-pro/www.cmbiomass.com/products/olive-pits/index.html”, failed with error code 404 (not found)
29/09/2025, 17:18:51 - ERROR: Download of “https://www.cmbiomass.com/ja/products/palm-kernel-shells/”, referred from “/Users/vladislavkozlovskij_1/Downloads/us.sitesucker.mac.sitesucker-pro/www.cmbiomass.com/products/palm-kernel-shells/index.html”, failed with error code 404 (not found)
29/09/2025, 17:18:51 - ERROR: Download of “https://www.cmbiomass.com/ja/products/olive-cake/”, referred from “/Users/vladislavkozlovskij_1/Downloads/us.sitesucker.mac.sitesucker-pro/www.cmbiomass.com/products/olive-cake/index.html”, failed with error code 404 (not found)
29/09/2025, 17:18:51 - ERROR: Download of “https://www.cmbiomass.com/ja/terms-and-conditions/”, referred from “/Users/vladislavkozlovskij_1/Downloads/us.sitesucker.mac.sitesucker-pro/www.cmbiomass.com/terms-and-conditions/index.html”, failed with error code 404 (not found)
29/09/2025, 17:18:51 - ERROR: Download of “https://www.cmbiomass.com/ja/family-owned-legacy/”, referred from “/Users/vladislavkozlovskij_1/Downloads/us.sitesucker.mac.sitesucker-pro/www.cmbiomass.com/family-owned-legacy/index.html”, failed with error code 404 (not found)
29/09/2025, 17:18:52 - ERROR: Download of “https://www.cmbiomass.com/ja/stories/supporting-the-cashew-nut-supply-chain-in-the-ivory-coast/”, referred from “/Users/vladislavkozlovskij_1/Downloads/us.sitesucker.mac.sitesucker-pro/www.cmbiomass.com/stories/supporting-the-cashew-nut-supply-chain-in-the-ivory-coast/index.html”, failed with error code 404 (not found)
29/09/2025, 17:18:52 - ERROR: Download of “https://www.cmbiomass.com/ja/sustainability/our-supply-chain-dk/”, referred from “/Users/vladislavkozlovskij_1/Downloads/us.sitesucker.mac.sitesucker-pro/www.cmbiomass.com/sustainability/our-supply-chain-dk/index.html”, failed with error code 404 (not found)

---------------------
